DEBUG:matplotlib:matplotlib data path: C:\Users\wolf\Desktop\UBMS-v3\.venv\lib\site-packages\matplotlib\mpl-data
DEBUG:matplotlib:CONFIGDIR=C:\Users\wolf\.matplotlib
DEBUG:matplotlib:interactive is False
DEBUG:matplotlib:platform is win32
DEBUG:matplotlib:CACHEDIR=C:\Users\wolf\.matplotlib
DEBUG:matplotlib.font_manager:Using fontManager instance from C:\Users\wolf\.matplotlib\fontlist-v330.json
CRITICAL:root:Monitoring error: 'NoneType' object has no attribute 'strip'
CRITICAL:root:Monitoring error: 'NoneType' object has no attribute 'strip'
CRITICAL:root:Monitoring error: 'NoneType' object has no attribute 'strip'
CRITICAL:root:Monitoring error: 'NoneType' object has no attribute 'strip'
CRITICAL:root:Monitoring error: 'NoneType' object has no attribute 'strip'
CRITICAL:root:Monitoring error: 'NoneType' object has no attribute 'strip'
CRITICAL:root:Monitoring error: 'NoneType' object has no attribute 'strip'
CRITICAL:root:Monitoring error: 'NoneType' object has no attribute 'strip'
CRITICAL:root:Monitoring error: 'NoneType' object has no attribute 'strip'
CRITICAL:root:Monitoring error: 'NoneType' object has no attribute 'strip'
CRITICAL:root:Monitoring error: 'NoneType' object has no attribute 'strip'
CRITICAL:root:Monitoring error: 'NoneType' object has no attribute 'strip'
CRITICAL:root:Monitoring error: 'NoneType' object has no attribute 'strip'
CRITICAL:root:Monitoring error: 'NoneType' object has no attribute 'strip'
CRITICAL:root:Monitoring error: 'NoneType' object has no attribute 'strip'
CRITICAL:root:Monitoring error: 'NoneType' object has no attribute 'strip'
CRITICAL:root:Monitoring error: 'NoneType' object has no attribute 'strip'
CRITICAL:root:Monitoring error: 'NoneType' object has no attribute 'strip'
CRITICAL:root:Monitoring error: 'NoneType' object has no attribute 'strip'
CRITICAL:root:Monitoring error: 'NoneType' object has no attribute 'strip'
CRITICAL:root:Monitoring error: 'NoneType' object has no attribute 'strip'
CRITICAL:root:Monitoring error: 'NoneType' object has no attribute 'strip'
CRITICAL:root:Monitoring error: name 'st' is not defined
CRITICAL:root:Monitoring error: name 'st' is not defined
CRITICAL:root:Monitoring error: name 'st' is not defined
CRITICAL:root:Monitoring error: name 'st' is not defined
CRITICAL:root:Monitoring error: name 'st' is not defined
CRITICAL:root:Monitoring error: name 'st' is not defined
CRITICAL:root:Monitoring error: name 'st' is not defined
CRITICAL:root:Monitoring error: name 'st' is not defined
CRITICAL:root:Monitoring error: 'NoneType' object has no attribute 'strip'
CRITICAL:root:Monitoring error: 'NoneType' object has no attribute 'strip'
CRITICAL:root:Monitoring error: 'NoneType' object has no attribute 'strip'
CRITICAL:root:Monitoring error: 'NoneType' object has no attribute 'strip'
CRITICAL:root:Monitoring error: 'NoneType' object has no attribute 'strip'
CRITICAL:root:Monitoring error: 'NoneType' object has no attribute 'strip'
CRITICAL:root:Monitoring error: 'NoneType' object has no attribute 'strip'
CRITICAL:root:Monitoring error: 'NoneType' object has no attribute 'strip'
CRITICAL:root:Monitoring error: 'NoneType' object has no attribute 'strip'
CRITICAL:root:Monitoring error: 'NoneType' object has no attribute 'strip'
CRITICAL:root:Monitoring error: 'NoneType' object has no attribute 'strip'
CRITICAL:root:Monitoring error: 'NoneType' object has no attribute 'strip'
CRITICAL:root:Monitoring error: 'NoneType' object has no attribute 'strip'
CRITICAL:root:Monitoring error: 'NoneType' object has no attribute 'strip'
CRITICAL:root:Monitoring error: 'NoneType' object has no attribute 'strip'
CRITICAL:root:Monitoring error: 'NoneType' object has no attribute 'strip'
CRITICAL:root:Monitoring error: 'NoneType' object has no attribute 'strip'
CRITICAL:root:Monitoring error: 'NoneType' object has no attribute 'strip'
CRITICAL:root:Monitoring error: 'NoneType' object has no attribute 'strip'
CRITICAL:root:Monitoring error: 'NoneType' object has no attribute 'strip'
CRITICAL:root:Monitoring error: 'NoneType' object has no attribute 'strip'
CRITICAL:root:Monitoring error: 'NoneType' object has no attribute 'strip'
CRITICAL:root:Monitoring error: 'NoneType' object has no attribute 'strip'
CRITICAL:root:Monitoring error: 'NoneType' object has no attribute 'strip'
DEBUG:matplotlib:matplotlib data path: C:\Users\wolf\Desktop\UBMS-v3\.venv\lib\site-packages\matplotlib\mpl-data
DEBUG:matplotlib:CONFIGDIR=C:\Users\wolf\.matplotlib
DEBUG:matplotlib:interactive is False
DEBUG:matplotlib:platform is win32
DEBUG:matplotlib:CACHEDIR=C:\Users\wolf\.matplotlib
DEBUG:matplotlib.font_manager:Using fontManager instance from C:\Users\wolf\.matplotlib\fontlist-v330.json
DEBUG:matplotlib:matplotlib data path: C:\Users\wolf\Desktop\UBMS-v3\.venv\lib\site-packages\matplotlib\mpl-data
DEBUG:matplotlib:CONFIGDIR=C:\Users\wolf\.matplotlib
DEBUG:matplotlib:interactive is False
DEBUG:matplotlib:platform is win32
DEBUG:matplotlib:CACHEDIR=C:\Users\wolf\.matplotlib
DEBUG:matplotlib.font_manager:Using fontManager instance from C:\Users\wolf\.matplotlib\fontlist-v330.json
CRITICAL:root:Monitoring error: name 'st' is not defined
CRITICAL:root:Monitoring error: name 'st' is not defined
CRITICAL:root:Monitoring error: name 'st' is not defined
CRITICAL:root:Monitoring error: name 'st' is not defined
CRITICAL:root:Monitoring error: name 'st' is not defined
CRITICAL:root:Monitoring error: name 'st' is not defined
CRITICAL:root:Monitoring error: name 'st' is not defined
CRITICAL:root:Monitoring error: name 'st' is not defined
CRITICAL:root:Monitoring error: name 'st' is not defined
CRITICAL:root:Monitoring error: name 'st' is not defined
CRITICAL:root:Monitoring error: name 'st' is not defined
CRITICAL:root:Monitoring error: name 'st' is not defined
CRITICAL:root:Monitoring error: name 'st' is not defined
CRITICAL:root:Monitoring error: name 'st' is not defined
CRITICAL:root:Monitoring error: name 'st' is not defined
CRITICAL:root:Monitoring error: name 'st' is not defined
CRITICAL:root:Monitoring error: name 'st' is not defined
CRITICAL:root:Monitoring error: name 'st' is not defined
CRITICAL:root:Monitoring error: name 'st' is not defined
CRITICAL:root:Monitoring error: name 'st' is not defined
CRITICAL:root:Monitoring error: name 'st' is not defined
CRITICAL:root:Monitoring error: name 'st' is not defined
CRITICAL:root:Monitoring error: name 'st' is not defined
CRITICAL:root:Monitoring error: name 'st' is not defined
CRITICAL:root:Monitoring error: name 'st' is not defined
CRITICAL:root:Monitoring error: name 'st' is not defined
CRITICAL:root:Monitoring error: name 'st' is not defined
CRITICAL:root:Monitoring error: name 'st' is not defined
CRITICAL:root:Monitoring error: name 'st' is not defined
CRITICAL:root:Monitoring error: name 'st' is not defined
CRITICAL:root:Monitoring error: name 'st' is not defined
CRITICAL:root:Monitoring error: name 'st' is not defined
CRITICAL:root:Monitoring error: name 'st' is not defined
CRITICAL:root:Monitoring error: name 'st' is not defined
CRITICAL:root:Monitoring error: name 'st' is not defined
CRITICAL:root:Monitoring error: name 'st' is not defined
CRITICAL:root:Monitoring error: name 'st' is not defined
CRITICAL:root:Monitoring error: name 'st' is not defined
CRITICAL:root:Monitoring error: name 'st' is not defined
CRITICAL:root:Monitoring error: name 'st' is not defined
CRITICAL:root:Monitoring error: name 'st' is not defined
CRITICAL:root:Monitoring error: name 'st' is not defined
CRITICAL:root:Monitoring error: name 'st' is not defined
CRITICAL:root:Monitoring error: name 'st' is not defined
CRITICAL:root:Monitoring error: name 'st' is not defined
CRITICAL:root:Monitoring error: name 'st' is not defined
CRITICAL:root:Monitoring error: name 'st' is not defined
CRITICAL:root:Monitoring error: name 'st' is not defined
CRITICAL:root:Monitoring error: name 'st' is not defined
CRITICAL:root:Monitoring error: name 'st' is not defined
CRITICAL:root:Monitoring error: name 'st' is not defined
CRITICAL:root:Monitoring error: name 'st' is not defined
CRITICAL:root:Monitoring error: name 'st' is not defined
CRITICAL:root:Monitoring error: name 'st' is not defined
CRITICAL:root:Monitoring error: name 'st' is not defined
CRITICAL:root:Monitoring error: name 'st' is not defined
CRITICAL:root:Monitoring error: name 'st' is not defined
CRITICAL:root:Monitoring error: name 'st' is not defined
CRITICAL:root:Monitoring error: name 'st' is not defined
CRITICAL:root:Monitoring error: name 'st' is not defined
CRITICAL:root:Monitoring error: name 'st' is not defined
CRITICAL:root:Monitoring error: name 'st' is not defined
CRITICAL:root:Monitoring error: name 'st' is not defined
CRITICAL:root:Monitoring error: name 'st' is not defined
CRITICAL:root:Monitoring error: name 'st' is not defined
CRITICAL:root:Monitoring error: name 'st' is not defined
CRITICAL:root:Monitoring error: name 'st' is not defined
CRITICAL:root:Monitoring error: name 'st' is not defined
CRITICAL:root:Monitoring error: name 'st' is not defined
CRITICAL:root:Monitoring error: name 'st' is not defined
CRITICAL:root:Monitoring error: name 'st' is not defined
CRITICAL:root:Monitoring error: name 'st' is not defined
CRITICAL:root:Monitoring error: name 'st' is not defined
CRITICAL:root:Monitoring error: name 'st' is not defined
CRITICAL:root:Monitoring error: name 'st' is not defined
CRITICAL:root:Monitoring error: name 'st' is not defined
CRITICAL:root:Monitoring error: name 'st' is not defined
CRITICAL:root:Monitoring error: name 'st' is not defined
CRITICAL:root:Monitoring error: name 'st' is not defined
CRITICAL:root:Monitoring error: name 'st' is not defined
CRITICAL:root:Monitoring error: name 'st' is not defined
CRITICAL:root:Monitoring error: name 'st' is not defined
CRITICAL:root:Monitoring error: name 'st' is not defined
CRITICAL:root:Monitoring error: name 'st' is not defined
CRITICAL:root:Monitoring error: name 'st' is not defined
CRITICAL:root:Monitoring error: name 'st' is not defined
CRITICAL:root:Monitoring error: name 'st' is not defined
CRITICAL:root:Monitoring error: name 'st' is not defined
CRITICAL:root:Monitoring error: name 'st' is not defined
CRITICAL:root:Monitoring error: name 'st' is not defined
CRITICAL:root:Monitoring error: name 'st' is not defined
CRITICAL:root:Monitoring error: name 'st' is not defined
CRITICAL:root:Monitoring error: name 'st' is not defined
CRITICAL:root:Monitoring error: name 'st' is not defined
CRITICAL:root:Monitoring error: name 'st' is not defined
CRITICAL:root:Monitoring error: name 'st' is not defined
CRITICAL:root:Monitoring error: name 'st' is not defined
CRITICAL:root:Monitoring error: name 'st' is not defined
CRITICAL:root:Monitoring error: name 'st' is not defined
CRITICAL:root:Monitoring error: name 'st' is not defined
CRITICAL:root:Monitoring error: name 'st' is not defined
CRITICAL:root:Monitoring error: name 'st' is not defined
CRITICAL:root:Monitoring error: name 'st' is not defined
CRITICAL:root:Monitoring error: name 'st' is not defined
CRITICAL:root:Monitoring error: name 'st' is not defined
CRITICAL:root:Monitoring error: name 'st' is not defined
CRITICAL:root:Monitoring error: name 'st' is not defined
CRITICAL:root:Monitoring error: name 'st' is not defined
CRITICAL:root:Monitoring error: name 'st' is not defined
CRITICAL:root:Monitoring error: name 'st' is not defined
CRITICAL:root:Monitoring error: name 'st' is not defined
CRITICAL:root:Monitoring error: name 'st' is not defined
CRITICAL:root:Monitoring error: name 'st' is not defined
CRITICAL:root:Monitoring error: name 'st' is not defined
CRITICAL:root:Monitoring error: name 'st' is not defined
CRITICAL:root:Monitoring error: name 'st' is not defined
CRITICAL:root:Monitoring error: name 'st' is not defined
CRITICAL:root:Monitoring error: name 'st' is not defined
CRITICAL:root:Monitoring error: name 'st' is not defined
CRITICAL:root:Monitoring error: name 'st' is not defined
CRITICAL:root:Monitoring error: name 'st' is not defined
CRITICAL:root:Monitoring error: name 'st' is not defined
CRITICAL:root:Monitoring error: name 'st' is not defined
CRITICAL:root:Monitoring error: name 'st' is not defined
CRITICAL:root:Monitoring error: name 'st' is not defined
CRITICAL:root:Monitoring error: name 'st' is not defined
CRITICAL:root:Monitoring error: name 'st' is not defined
CRITICAL:root:Monitoring error: name 'st' is not defined
CRITICAL:root:Monitoring error: name 'st' is not defined
CRITICAL:root:Monitoring error: name 'st' is not defined
CRITICAL:root:Monitoring error: name 'st' is not defined
CRITICAL:root:Monitoring error: name 'st' is not defined
CRITICAL:root:Monitoring error: name 'st' is not defined
CRITICAL:root:Monitoring error: name 'st' is not defined
CRITICAL:root:Monitoring error: name 'st' is not defined
CRITICAL:root:Monitoring error: name 'st' is not defined
CRITICAL:root:Monitoring error: name 'st' is not defined
DEBUG:matplotlib:matplotlib data path: C:\Users\wolf\Desktop\UBMS-v3\.venv\lib\site-packages\matplotlib\mpl-data
DEBUG:matplotlib:CONFIGDIR=C:\Users\wolf\.matplotlib
DEBUG:matplotlib:interactive is False
DEBUG:matplotlib:platform is win32
DEBUG:matplotlib:CACHEDIR=C:\Users\wolf\.matplotlib
DEBUG:matplotlib.font_manager:Using fontManager instance from C:\Users\wolf\.matplotlib\fontlist-v330.json
DEBUG:matplotlib:matplotlib data path: C:\Users\wolf\Desktop\UBMS-v3\.venv\lib\site-packages\matplotlib\mpl-data
DEBUG:matplotlib:CONFIGDIR=C:\Users\wolf\.matplotlib
DEBUG:matplotlib:interactive is False
DEBUG:matplotlib:platform is win32
DEBUG:matplotlib:CACHEDIR=C:\Users\wolf\.matplotlib
DEBUG:matplotlib.font_manager:Using fontManager instance from C:\Users\wolf\.matplotlib\fontlist-v330.json
DEBUG:matplotlib:matplotlib data path: C:\Users\wolf\Desktop\UBMS-v3\.venv\lib\site-packages\matplotlib\mpl-data
DEBUG:matplotlib:CONFIGDIR=C:\Users\wolf\.matplotlib
DEBUG:matplotlib:interactive is False
DEBUG:matplotlib:platform is win32
DEBUG:matplotlib:CACHEDIR=C:\Users\wolf\.matplotlib
DEBUG:matplotlib.font_manager:Using fontManager instance from C:\Users\wolf\.matplotlib\fontlist-v330.json
DEBUG:matplotlib:matplotlib data path: C:\Users\wolf\Desktop\UBMS-v3\.venv\lib\site-packages\matplotlib\mpl-data
DEBUG:matplotlib:CONFIGDIR=C:\Users\wolf\.matplotlib
DEBUG:matplotlib:interactive is False
DEBUG:matplotlib:platform is win32
DEBUG:matplotlib:CACHEDIR=C:\Users\wolf\.matplotlib
DEBUG:matplotlib.font_manager:Using fontManager instance from C:\Users\wolf\.matplotlib\fontlist-v330.json
CRITICAL:root:Monitoring error: 'NoneType' object has no attribute 'strip'
CRITICAL:root:Monitoring error: 'NoneType' object has no attribute 'strip'
CRITICAL:root:Monitoring error: 'NoneType' object has no attribute 'strip'
CRITICAL:root:Monitoring error: 'NoneType' object has no attribute 'strip'
CRITICAL:root:Monitoring error: 'NoneType' object has no attribute 'strip'
CRITICAL:root:Monitoring error: 'NoneType' object has no attribute 'strip'
CRITICAL:root:Monitoring error: 'NoneType' object has no attribute 'strip'
CRITICAL:root:Monitoring error: 'NoneType' object has no attribute 'strip'
CRITICAL:root:Monitoring error: 'NoneType' object has no attribute 'strip'
CRITICAL:root:Monitoring error: 'NoneType' object has no attribute 'strip'
CRITICAL:root:Monitoring error: 'NoneType' object has no attribute 'strip'
CRITICAL:root:Monitoring error: 'NoneType' object has no attribute 'strip'
CRITICAL:root:Monitoring error: 'NoneType' object has no attribute 'strip'
CRITICAL:root:Monitoring error: 'NoneType' object has no attribute 'strip'
CRITICAL:root:Monitoring error: 'NoneType' object has no attribute 'strip'
CRITICAL:root:Monitoring error: 'NoneType' object has no attribute 'strip'
CRITICAL:root:Monitoring error: 'NoneType' object has no attribute 'strip'
CRITICAL:root:Monitoring error: 'NoneType' object has no attribute 'strip'
CRITICAL:root:Monitoring error: 'NoneType' object has no attribute 'strip'
CRITICAL:root:Monitoring error: 'NoneType' object has no attribute 'strip'
CRITICAL:root:Monitoring error: 'NoneType' object has no attribute 'strip'
CRITICAL:root:Monitoring error: 'NoneType' object has no attribute 'strip'
CRITICAL:root:Monitoring error: 'NoneType' object has no attribute 'strip'
CRITICAL:root:Monitoring error: 'NoneType' object has no attribute 'strip'
CRITICAL:root:Monitoring error: int() argument must be a string, a bytes-like object or a number, not 'NoneType'
CRITICAL:root:Monitoring error: 'NoneType' object has no attribute 'strip'
CRITICAL:root:Monitoring error: 'NoneType' object has no attribute 'strip'
CRITICAL:root:Monitoring error: 'NoneType' object has no attribute 'strip'
CRITICAL:root:Monitoring error: 'NoneType' object has no attribute 'strip'
CRITICAL:root:Monitoring error: int() argument must be a string, a bytes-like object or a number, not 'NoneType'
CRITICAL:root:Monitoring error: 'NoneType' object has no attribute 'strip'
CRITICAL:root:Monitoring error: 'NoneType' object has no attribute 'strip'
CRITICAL:root:Monitoring error: 'NoneType' object has no attribute 'strip'
CRITICAL:root:Monitoring error: int() argument must be a string, a bytes-like object or a number, not 'NoneType'
CRITICAL:root:Monitoring error: 'NoneType' object has no attribute 'strip'
CRITICAL:root:Monitoring error: 'NoneType' object has no attribute 'strip'
CRITICAL:root:Monitoring error: 'NoneType' object has no attribute 'strip'
CRITICAL:root:Monitoring error: int() argument must be a string, a bytes-like object or a number, not 'NoneType'
CRITICAL:root:Monitoring error: 'NoneType' object has no attribute 'strip'
CRITICAL:root:Monitoring error: 'NoneType' object has no attribute 'strip'
CRITICAL:root:Monitoring error: 'NoneType' object has no attribute 'strip'
CRITICAL:root:Monitoring error: int() argument must be a string, a bytes-like object or a number, not 'NoneType'
CRITICAL:root:Monitoring error: 'NoneType' object has no attribute 'strip'
CRITICAL:root:Monitoring error: 'NoneType' object has no attribute 'strip'
CRITICAL:root:Monitoring error: 'NoneType' object has no attribute 'strip'
CRITICAL:root:Monitoring error: int() argument must be a string, a bytes-like object or a number, not 'NoneType'
CRITICAL:root:Monitoring error: 'NoneType' object has no attribute 'strip'
CRITICAL:root:Monitoring error: 'NoneType' object has no attribute 'strip'
CRITICAL:root:Monitoring error: int() argument must be a string, a bytes-like object or a number, not 'NoneType'
CRITICAL:root:Monitoring error: 'NoneType' object has no attribute 'strip'
CRITICAL:root:Monitoring error: 'NoneType' object has no attribute 'strip'
CRITICAL:root:Monitoring error: 'NoneType' object has no attribute 'strip'
CRITICAL:root:Monitoring error: int() argument must be a string, a bytes-like object or a number, not 'NoneType'
CRITICAL:root:Monitoring error: 'NoneType' object has no attribute 'strip'
CRITICAL:root:Monitoring error: 'NoneType' object has no attribute 'strip'
CRITICAL:root:Monitoring error: 'NoneType' object has no attribute 'strip'
CRITICAL:root:Monitoring error: 'NoneType' object has no attribute 'strip'
CRITICAL:root:Monitoring error: 'NoneType' object has no attribute 'strip'
CRITICAL:root:Monitoring error: int() argument must be a string, a bytes-like object or a number, not 'NoneType'
CRITICAL:root:Monitoring error: 'NoneType' object has no attribute 'strip'
CRITICAL:root:Monitoring error: 'NoneType' object has no attribute 'strip'
CRITICAL:root:Monitoring error: 'NoneType' object has no attribute 'strip'
CRITICAL:root:Monitoring error: int() argument must be a string, a bytes-like object or a number, not 'NoneType'
CRITICAL:root:Monitoring error: 'NoneType' object has no attribute 'strip'
CRITICAL:root:Monitoring error: 'NoneType' object has no attribute 'strip'
CRITICAL:root:Monitoring error: 'NoneType' object has no attribute 'strip'
CRITICAL:root:Monitoring error: int() argument must be a string, a bytes-like object or a number, not 'NoneType'
CRITICAL:root:Monitoring error: 'NoneType' object has no attribute 'strip'
CRITICAL:root:Monitoring error: 'NoneType' object has no attribute 'strip'
CRITICAL:root:Monitoring error: 'NoneType' object has no attribute 'strip'
CRITICAL:root:Monitoring error: int() argument must be a string, a bytes-like object or a number, not 'NoneType'
CRITICAL:root:Monitoring error: 'NoneType' object has no attribute 'strip'
CRITICAL:root:Monitoring error: int() argument must be a string, a bytes-like object or a number, not 'NoneType'
CRITICAL:root:Monitoring error: 'NoneType' object has no attribute 'strip'
CRITICAL:root:Monitoring error: 'NoneType' object has no attribute 'strip'
CRITICAL:root:Monitoring error: 'NoneType' object has no attribute 'strip'
CRITICAL:root:Monitoring error: int() argument must be a string, a bytes-like object or a number, not 'NoneType'
CRITICAL:root:Monitoring error: 'NoneType' object has no attribute 'strip'
CRITICAL:root:Monitoring error: 'NoneType' object has no attribute 'strip'
CRITICAL:root:Monitoring error: 'NoneType' object has no attribute 'strip'
CRITICAL:root:Monitoring error: int() argument must be a string, a bytes-like object or a number, not 'NoneType'
CRITICAL:root:Monitoring error: 'NoneType' object has no attribute 'strip'
CRITICAL:root:Monitoring error: 'NoneType' object has no attribute 'strip'
CRITICAL:root:Monitoring error: 'NoneType' object has no attribute 'strip'
CRITICAL:root:Monitoring error: int() argument must be a string, a bytes-like object or a number, not 'NoneType'
CRITICAL:root:Monitoring error: 'NoneType' object has no attribute 'strip'
CRITICAL:root:Monitoring error: 'NoneType' object has no attribute 'strip'
CRITICAL:root:Monitoring error: 'NoneType' object has no attribute 'strip'
CRITICAL:root:Monitoring error: 'NoneType' object has no attribute 'strip'
CRITICAL:root:Monitoring error: int() argument must be a string, a bytes-like object or a number, not 'NoneType'
CRITICAL:root:Monitoring error: 'NoneType' object has no attribute 'strip'
CRITICAL:root:Monitoring error: 'NoneType' object has no attribute 'strip'
CRITICAL:root:Monitoring error: 'NoneType' object has no attribute 'strip'
CRITICAL:root:Monitoring error: int() argument must be a string, a bytes-like object or a number, not 'NoneType'
CRITICAL:root:Monitoring error: 'NoneType' object has no attribute 'strip'
CRITICAL:root:Monitoring error: 'NoneType' object has no attribute 'strip'
CRITICAL:root:Monitoring error: int() argument must be a string, a bytes-like object or a number, not 'NoneType'
CRITICAL:root:Monitoring error: 'NoneType' object has no attribute 'strip'
CRITICAL:root:Monitoring error: 'NoneType' object has no attribute 'strip'
CRITICAL:root:Monitoring error: 'NoneType' object has no attribute 'strip'
CRITICAL:root:Monitoring error: int() argument must be a string, a bytes-like object or a number, not 'NoneType'
CRITICAL:root:Monitoring error: 'NoneType' object has no attribute 'strip'
CRITICAL:root:Monitoring error: 'NoneType' object has no attribute 'strip'
CRITICAL:root:Monitoring error: 'NoneType' object has no attribute 'strip'
DEBUG:matplotlib:matplotlib data path: C:\Users\wolf\Desktop\UBMS-v3\.venv\lib\site-packages\matplotlib\mpl-data
DEBUG:matplotlib:CONFIGDIR=C:\Users\wolf\.matplotlib
DEBUG:matplotlib:interactive is False
DEBUG:matplotlib:platform is win32
DEBUG:matplotlib:CACHEDIR=C:\Users\wolf\.matplotlib
DEBUG:matplotlib.font_manager:Using fontManager instance from C:\Users\wolf\.matplotlib\fontlist-v330.json
DEBUG:matplotlib:matplotlib data path: C:\Users\wolf\Desktop\UBMS-v3\.venv\lib\site-packages\matplotlib\mpl-data
DEBUG:matplotlib:CONFIGDIR=C:\Users\wolf\.matplotlib
DEBUG:matplotlib:interactive is False
DEBUG:matplotlib:platform is win32
DEBUG:matplotlib:CACHEDIR=C:\Users\wolf\.matplotlib
DEBUG:matplotlib.font_manager:Using fontManager instance from C:\Users\wolf\.matplotlib\fontlist-v330.json
DEBUG:matplotlib:matplotlib data path: C:\Users\wolf\Desktop\UBMS-v3\.venv\lib\site-packages\matplotlib\mpl-data
DEBUG:matplotlib:CONFIGDIR=C:\Users\wolf\.matplotlib
DEBUG:matplotlib:interactive is False
DEBUG:matplotlib:platform is win32
DEBUG:matplotlib:CACHEDIR=C:\Users\wolf\.matplotlib
DEBUG:matplotlib.font_manager:Using fontManager instance from C:\Users\wolf\.matplotlib\fontlist-v330.json
DEBUG:matplotlib:matplotlib data path: C:\Users\wolf\Desktop\UBMS-v3\.venv\lib\site-packages\matplotlib\mpl-data
DEBUG:matplotlib:CONFIGDIR=C:\Users\wolf\.matplotlib
DEBUG:matplotlib:interactive is False
DEBUG:matplotlib:platform is win32
DEBUG:matplotlib:CACHEDIR=C:\Users\wolf\.matplotlib
DEBUG:matplotlib.font_manager:Using fontManager instance from C:\Users\wolf\.matplotlib\fontlist-v330.json
DEBUG:matplotlib:matplotlib data path: C:\Users\wolf\Desktop\UBMS-v3\.venv\lib\site-packages\matplotlib\mpl-data
DEBUG:matplotlib:CONFIGDIR=C:\Users\wolf\.matplotlib
DEBUG:matplotlib:interactive is False
DEBUG:matplotlib:platform is win32
DEBUG:matplotlib:CACHEDIR=C:\Users\wolf\.matplotlib
DEBUG:matplotlib.font_manager:Using fontManager instance from C:\Users\wolf\.matplotlib\fontlist-v330.json
DEBUG:matplotlib:matplotlib data path: C:\Users\wolf\Desktop\UBMS-v3\.venv\lib\site-packages\matplotlib\mpl-data
DEBUG:matplotlib:CONFIGDIR=C:\Users\wolf\.matplotlib
DEBUG:matplotlib:interactive is False
DEBUG:matplotlib:platform is win32
DEBUG:matplotlib:CACHEDIR=C:\Users\wolf\.matplotlib
DEBUG:matplotlib.font_manager:Using fontManager instance from C:\Users\wolf\.matplotlib\fontlist-v330.json
DEBUG:matplotlib:matplotlib data path: C:\Users\wolf\Desktop\UBMS-v3\.venv\lib\site-packages\matplotlib\mpl-data
DEBUG:matplotlib:CONFIGDIR=C:\Users\wolf\.matplotlib
DEBUG:matplotlib:interactive is False
DEBUG:matplotlib:platform is win32
DEBUG:matplotlib:CACHEDIR=C:\Users\wolf\.matplotlib
DEBUG:matplotlib.font_manager:Using fontManager instance from C:\Users\wolf\.matplotlib\fontlist-v330.json
DEBUG:matplotlib:matplotlib data path: C:\Users\wolf\Desktop\UBMS-v3\.venv\lib\site-packages\matplotlib\mpl-data
DEBUG:matplotlib:CONFIGDIR=C:\Users\wolf\.matplotlib
DEBUG:matplotlib:interactive is False
DEBUG:matplotlib:platform is win32
DEBUG:matplotlib:CACHEDIR=C:\Users\wolf\.matplotlib
DEBUG:matplotlib.font_manager:Using fontManager instance from C:\Users\wolf\.matplotlib\fontlist-v330.json
DEBUG:matplotlib:matplotlib data path: C:\Users\wolf\Desktop\UBMS-v3\.venv\lib\site-packages\matplotlib\mpl-data
DEBUG:matplotlib:CONFIGDIR=C:\Users\wolf\.matplotlib
DEBUG:matplotlib:interactive is False
DEBUG:matplotlib:platform is win32
DEBUG:matplotlib:CACHEDIR=C:\Users\wolf\.matplotlib
DEBUG:matplotlib.font_manager:Using fontManager instance from C:\Users\wolf\.matplotlib\fontlist-v330.json
